f:\ficus_f4\ficus libusb\win32\release\lib\libusb-1.0 (static)\libusb-1.0.pdb
f:\ficus_f4\ficus libusb\win32\release\lib\libusb-1.0 (static)\windows_winusb.obj
f:\ficus_f4\ficus libusb\win32\release\lib\libusb-1.0 (static)\windows_usbdk.obj
f:\ficus_f4\ficus libusb\win32\release\lib\libusb-1.0 (static)\windows_nt_common.obj
f:\ficus_f4\ficus libusb\win32\release\lib\libusb-1.0 (static)\threads_windows.obj
f:\ficus_f4\ficus libusb\win32\release\lib\libusb-1.0 (static)\sync.obj
f:\ficus_f4\ficus libusb\win32\release\lib\libusb-1.0 (static)\strerror.obj
f:\ficus_f4\ficus libusb\win32\release\lib\libusb-1.0 (static)\poll_windows.obj
f:\ficus_f4\ficus libusb\win32\release\lib\libusb-1.0 (static)\io.obj
f:\ficus_f4\ficus libusb\win32\release\lib\libusb-1.0 (static)\hotplug.obj
f:\ficus_f4\ficus libusb\win32\release\lib\libusb-1.0 (static)\descriptor.obj
f:\ficus_f4\ficus libusb\win32\release\lib\libusb-1.0 (static)\core.obj
f:\ficus_f4\ficus libusb\win32\release\lib\libusb-1.0.lib
f:\ficus_f4\ficus libusb\msvc\..\win32\release\lib\libusb-1.0.lib
f:\ficus_f4\ficus libusb\win32\release\lib\libusb-1.0 (static)\libusb-1.349ee8f9.tlog\cl.command.1.tlog
f:\ficus_f4\ficus libusb\win32\release\lib\libusb-1.0 (static)\libusb-1.349ee8f9.tlog\cl.read.1.tlog
f:\ficus_f4\ficus libusb\win32\release\lib\libusb-1.0 (static)\libusb-1.349ee8f9.tlog\cl.write.1.tlog
f:\ficus_f4\ficus libusb\win32\release\lib\libusb-1.0 (static)\libusb-1.349ee8f9.tlog\lib-link.read.1.tlog
f:\ficus_f4\ficus libusb\win32\release\lib\libusb-1.0 (static)\libusb-1.349ee8f9.tlog\lib-link.write.1.tlog
f:\ficus_f4\ficus libusb\win32\release\lib\libusb-1.0 (static)\libusb-1.349ee8f9.tlog\lib.command.1.tlog
